Arguments: 
  /usr/local/bin/node /Users/Gao/.yarn/bin/yarn.js add index.less --silent --no-progress

PATH: 
  /usr/local/lib/node_modules/npm/node_modules/npm-lifecycle/node-gyp-bin:/Users/Gao/Desktop/macdesktop/market-weapp/node_modules/.bin:/usr/local/lib/node_modules/npm/node_modules/npm-lifecycle/node-gyp-bin:/Users/Gao/Desktop/macdesktop/market-weapp/node_modules/.bin:/Library/Java/JavaVirtualMachines/jdk1.8.0_40.jdk/Contents/Home/bin:/usr/local/mongodb/bin:/usr/local/mongodb/bin:/usr/local/mongodb/bin:/usr/local/mongodb/bin:/usr/local/mongodb/bin:/usr/local/mongodb/bind:/usr/local/mongodb/bind:/usr/local/mongodb/bin:/Users/Gao/.yarn/bin:/Users/Gao/.config/yarn/global/node_modules/.bin:/usr/local/bin:/usr/bin:/bin:/usr/sbin:/sbin:/Library/Tomcat/bin:/Users/Gao/Library/Android/sdk/tools:/Users/Gao/Library/Android/sdk/platform-tools:

Yarn version: 
  1.15.2

Node version: 
  12.4.0

Platform: 
  darwin x64

Trace: 
  Error: https://registry.npmjs.org/index.less: Not found
      at Request.params.callback [as _callback] (/Users/Gao/.yarn/lib/cli.js:66058:18)
      at Request.self.callback (/Users/Gao/.yarn/lib/cli.js:129541:22)
      at Request.emit (events.js:200:13)
      at Request.<anonymous> (/Users/Gao/.yarn/lib/cli.js:130513:10)
      at Request.emit (events.js:200:13)
      at IncomingMessage.<anonymous> (/Users/Gao/.yarn/lib/cli.js:130435:12)
      at Object.onceWrapper (events.js:288:20)
      at IncomingMessage.emit (events.js:205:15)
      at endReadableNT (_stream_readable.js:1154:12)
      at processTicksAndRejections (internal/process/task_queues.js:84:9)

npm manifest: 
  {
    "name": "market-weapp",
    "version": "1.0.0",
    "private": true,
    "description": "福建师范大学二手交易市场",
    "templateInfo": {
      "name": "redux",
      "typescript": true,
      "css": "less"
    },
    "scripts": {
      "build:weapp": "taro build --type weapp",
      "build:swan": "taro build --type swan",
      "build:alipay": "taro build --type alipay",
      "build:tt": "taro build --type tt",
      "build:h5": "taro build --type h5",
      "build:rn": "taro build --type rn",
      "dev:weapp": "npm run build:weapp -- --watch",
      "dev:swan": "npm run build:swan -- --watch",
      "dev:alipay": "npm run build:alipay -- --watch",
      "dev:tt": "npm run build:tt -- --watch",
      "dev:h5": "npm run build:h5 -- --watch",
      "dev:rn": "npm run build:rn -- --watch",
      "test": "jest"
    },
    "author": "",
    "license": "MIT",
    "dependencies": {
      "@tarojs/async-await": "1.3.17",
      "@tarojs/components": "1.3.17",
      "@tarojs/redux": "1.3.17",
      "@tarojs/redux-h5": "1.3.17",
      "@tarojs/router": "1.3.17",
      "@tarojs/taro": "1.3.17",
      "@tarojs/taro-alipay": "1.3.17",
      "@tarojs/taro-h5": "1.3.17",
      "@tarojs/taro-swan": "1.3.17",
      "@tarojs/taro-tt": "1.3.17",
      "@tarojs/taro-weapp": "1.3.17",
      "blueimp-md5": "^2.12.0",
      "classnames": "^2.2.6",
      "dayjs": "^1.8.17",
      "echarts12": "^1.1.5-alpha.0",
      "invariant": "^2.2.4",
      "lodash.merge": "^4.6.2",
      "nerv-devtools": "^1.4.0",
      "nervjs": "^1.4.0",
      "numeral": "^2.0.6",
      "redux": "^4.0.0",
      "redux-logger": "^3.0.6",
      "redux-thunk": "^2.3.0",
      "taro-ui": "^2.2.4"
    },
    "devDependencies": {
      "@babel/core": "^7.7.7",
      "@babel/plugin-proposal-class-properties": "^7.7.4",
      "@babel/plugin-proposal-object-rest-spread": "^7.7.7",
      "@babel/plugin-transform-react-jsx": "^7.7.7",
      "@babel/polyfill": "^7.7.0",
      "@babel/preset-env": "^7.1.0",
      "@tarojs/components": "^1.3.21",
      "@tarojs/plugin-babel": "1.3.17",
      "@tarojs/plugin-csso": "1.3.17",
      "@tarojs/plugin-less": "1.3.17",
      "@tarojs/plugin-sass": "^1.3.22",
      "@tarojs/plugin-stylus": "^1.3.27",
      "@tarojs/plugin-uglifyjs": "1.3.17",
      "@tarojs/router": "^1.3.21",
      "@tarojs/taro": "^1.3.21",
      "@tarojs/taro-alipay": "^1.3.21",
      "@tarojs/taro-h5": "^1.3.21",
      "@tarojs/taro-swan": "^1.3.21",
      "@tarojs/taro-weapp": "^1.3.21",
      "@tarojs/webpack-runner": "1.3.17",
      "@types/classnames": "^2.2.9",
      "@types/invariant": "^2.2.30",
      "@types/jest": "^24.0.25",
      "@types/lodash": "^4.14.144",
      "@types/lodash.merge": "^4.6.6",
      "@types/numeral": "^0.0.26",
      "@types/react": "^16.4.8",
      "@types/sinon": "^5.0.5",
      "@types/webpack-env": "^1.13.6",
      "@typescript-eslint/parser": "^1.6.0",
      "babel-core": "^7.0.0-bridge.0",
      "babel-eslint": "^8.2.3",
      "babel-jest": "^24.9.0",
      "babel-plugin-transform-class-properties": "^6.24.1",
      "babel-plugin-transform-decorators-legacy": "^1.3.4",
      "babel-plugin-transform-jsx-stylesheet": "^0.6.5",
      "babel-plugin-transform-object-rest-spread": "^6.26.0",
      "babel-plugin-transform-taroapi": "^2.0.0",
      "babel-preset-env": "^1.6.1",
      "cross-env": "^5.2.0",
      "eslint": "^5.16.0",
      "eslint-config-taro": "1.3.17",
      "eslint-plugin-import": "^2.12.0",
      "eslint-plugin-react": "^7.8.2",
      "eslint-plugin-react-hooks": "^1.6.1",
      "eslint-plugin-taro": "1.3.17",
      "husky": "^1.1.2",
      "jest": "^24.9.0",
      "lint-staged": "^8.0.3",
      "nerv-server": "^1.4.3",
      "nerv-test-utils": "^1.4.3",
      "nervjs": "^1.4.3",
      "regenerator-runtime": "^0.12.1",
      "simulant": "^0.2.2",
      "sinon": "^7.1.0",
      "stylelint": "9.3.0",
      "stylelint-config-taro-rn": "1.3.17",
      "stylelint-taro-rn": "1.3.17",
      "ts-jest": "^24.2.0",
      "typescript": "^3.0.1"
    }
  }

yarn manifest: 
  No manifest

Lockfile: 
  # THIS IS AN AUTOGENERATED FILE. DO NOT EDIT THIS FILE DIRECTLY.
  # yarn lockfile v1
